Using pre-set license

 COMMAND LINE ARGUMENTS:
/Applications/Unity/Unity.app/Contents/MacOS/Unity
-adb2
-batchMode
-noUpm
-name
AssetImportWorker0
-projectPath
/Users/sabgames/Documents/Unity Projects/Calculator
-logFile
Logs/AssetImportWorker0.log
-srvPort
52849
Successfully changed project path to: /Users/sabgames/Documents/Unity Projects/Calculator
/Users/sabgames/Documents/Unity Projects/Calculator
Using Asset Import Pipeline V2.
Refreshing native plugins compatible for Editor in 25.99 ms, found 2 plugins.
Preloading 0 native plugins for Editor in 0.00 ms.
Initialize engine version: 2020.3.7f1 (dd97f2c94397)
[Subsystems] Discovering subsystems at path /Applications/Unity/Unity.app/Contents/Resources/UnitySubsystems
[Subsystems] Discovering subsystems at path /Users/sabgames/Documents/Unity Projects/Calculator/Assets
GfxDevice: creating device client; threaded=0
2022-02-09 13:50:26.534 Unity[8751:175260] iMac preferred device: AMD Radeon Pro 5500 XT (high power)
2022-02-09 13:50:26.534 Unity[8751:175260] Metal devices available: 1
2022-02-09 13:50:26.534 Unity[8751:175260] 0: AMD Radeon Pro 5500 XT (high power)
2022-02-09 13:50:26.534 Unity[8751:175260] Using device AMD Radeon Pro 5500 XT (high power)
Initializing Metal device caps: AMD Radeon Pro 5500 XT
Initialize mono
Mono path[0] = '/Applications/Unity/Unity.app/Contents/Managed'
Mono path[1] = '/Applications/Unity/Unity.app/Contents/MonoBleedingEdge/lib/mono/unityjit'
Mono config path = '/Applications/Unity/Unity.app/Contents/MonoBleedingEdge/etc'
Using monoOptions --debugger-agent=transport=dt_socket,embedding=1,server=y,suspend=n,address=127.0.0.1:56751
Begin MonoManager ReloadAssembly
Registering precompiled unity dll's ...
Register platform support module: /Applications/Unity/Unity.app/Contents/PlaybackEngines/MacStandaloneSupport/UnityEditor.OSXStandalone.Extensions.dll
Registered in 0.000413 seconds.
Native extension for OSXStandalone target not found
Refreshing native plugins compatible for Editor in 26.11 ms, found 2 plugins.
Preloading 0 native plugins for Editor in 0.00 ms.
Mono: successfully reloaded assembly
- Completed reload, in  1.338 seconds
Platform modules already initialized, skipping
Registering precompiled user dll's ...
Registered in 0.000399 seconds.
Begin MonoManager ReloadAssembly
Native extension for OSXStandalone target not found
Refreshing native plugins compatible for Editor in 25.94 ms, found 2 plugins.
Preloading 0 native plugins for Editor in 0.00 ms.
Mono: successfully reloaded assembly
- Completed reload, in  0.728 seconds
Platform modules already initialized, skipping
========================================================================
Worker process is ready to serve import requests
Launching external process: /Applications/Unity/Unity.app/Contents/Tools/UnityShaderCompiler
Launched and connected shader compiler UnityShaderCompiler after 0.01 seconds
Refreshing native plugins compatible for Editor in 0.29 ms, found 2 plugins.
Preloading 0 native plugins for Editor in 0.00 ms.
Unloading 1808 Unused Serialized files (Serialized files now loaded: 0)
System memory in use before: 141.8 MB.
System memory in use after: 141.7 MB.

Unloading 24 unused Assets to reduce memory usage. Loaded Objects now: 2250.
Total: 2.717413 ms (FindLiveObjects: 0.277926 ms CreateObjectMapping: 0.111380 ms MarkObjects: 2.192271 ms  DeleteObjects: 0.134580 ms)

========================================================================
Received Import Request.
  path: Assets/Scenes
  artifactKey: Guid(52d2e683328f348d4b0250058b34aa7d) Importer(815301076,1909f56bfc062723c751e8b465ee728b)
Start importing Assets/Scenes using Guid(52d2e683328f348d4b0250058b34aa7d) Importer(815301076,1909f56bfc062723c751e8b465ee728b)  -> (artifact id: 'a966a62a28412ed387d29ad42406adc8') in 0.003265 seconds
  Import took 0.005854 seconds .

